<?xml version="1.0" encoding="UTF-8"?>
<!-- Generated by org.testng.reporters.JUnitReportReporter -->
<testsuite hostname="LAPTOP-HRPF4BH4" failures="0" tests="1" name="testCases.TC_001_AccountRegistrationTest" time="1.601" errors="0" timestamp="2023-12-19T23:59:22 IST" skipped="0">
  <testcase classname="testCases.TC_001_AccountRegistrationTest" name="test_account_Registration" time="1.601"/>
  <system-out/>
</testsuite> <!-- testCases.TC_001_AccountRegistrationTest -->
