<?xml version="1.0" encoding="UTF-8"?>
<!-- Generated by org.testng.reporters.JUnitReportReporter -->
<testsuite hostname="LAPTOP-HRPF4BH4" failures="0" tests="1" name="com.sdetfinal.sdf" time="0.018" errors="0" timestamp="2023-12-15T11:40:35 IST" skipped="0">
  <testcase classname="com.sdetfinal.sdf" name="men" time="0.018"/>
  <system-out/>
</testsuite> <!-- com.sdetfinal.sdf -->
